<?xml version="1.0" encoding="UTF-8"?>
<!-- Generated by org.testng.reporters.JUnitReportReporter -->
<testsuite hostname="desktop-n5rb18o" failures="0" tests="5" name="TestngMaven.MavenTestNg.sharelink" time="61.549" errors="0" timestamp="2023-07-10T11:59:21 IST" skipped="0">
  <testcase classname="TestngMaven.MavenTestNg.sharelink" name="login_Careio_portal" time="24.123"/>
  <system-out/>
  <testcase classname="TestngMaven.MavenTestNg.sharelink" name="click_sharelink" time="5.307"/>
  <system-out/>
  <testcase classname="TestngMaven.MavenTestNg.sharelink" name="Generateguestlink" time="7.883"/>
  <system-out/>
  <testcase classname="TestngMaven.MavenTestNg.sharelink" name="Copy_Link" time="21.214"/>
  <system-out/>
  <testcase classname="TestngMaven.MavenTestNg.sharelink" name="handle_Popup" time="3.022"/>
  <system-out/>
</testsuite> <!-- TestngMaven.MavenTestNg.sharelink -->
