<?xml version="1.0" encoding="UTF-8"?>
<!-- Generated by org.testng.reporters.JUnitReportReporter -->
<testsuite hostname="desktop-n5rb18o" failures="0" tests="3" name="TestngMaven.MavenTestNg.update_browser_parellel" time="136.304" errors="0" timestamp="2023-07-19T20:02:04 IST" skipped="0">
  <testcase classname="TestngMaven.MavenTestNg.update_browser_parellel" name="setup" time="26.250"/>
  <system-out/>
  <testcase classname="TestngMaven.MavenTestNg.update_browser_parellel" name="setup" time="32.333"/>
  <system-out/>
  <testcase classname="TestngMaven.MavenTestNg.update_browser_parellel" name="setup" time="77.721"/>
  <system-out/>
</testsuite> <!-- TestngMaven.MavenTestNg.update_browser_parellel -->
