<?xml version="1.0" encoding="UTF-8"?>
<!-- Generated by org.testng.reporters.JUnitReportReporter -->
<testsuite hostname="DESKTOP-N5RB18O" failures="0" tests="1" name="TestngMaven.MavenTestNg.EmailReport" time="0.025" errors="0" timestamp="2023-05-22T12:57:23 IST" skipped="0">
  <testcase classname="TestngMaven.MavenTestNg.EmailReport" name="failTest" time="0.025"/>
  <system-out/>
</testsuite> <!-- TestngMaven.MavenTestNg.EmailReport -->
